  Graph.cpp
E:\Документы\#GitReps\Algorithms\LABS\№4\№4\Graph.cpp(153,32): warning C4267: 'argument': conversion from 'size_t' to 'int', possible loss of data
C:\Program Files\Microsoft Visual Studio\2022\Community\VC\Tools\MSVC\14.42.34433\include\xmemory(700,103): warning C4267: 'argument': conversion from 'size_t' to 'int', possible loss of data
  UnionFind.cpp
  (compiling source file '../../../../../#GitReps/Algorithms/LABS/№4/№4/Graph.cpp')
      C:\Program Files\Microsoft Visual Studio\2022\Community\VC\Tools\MSVC\14.42.34433\include\xmemory(700,103):
      the template instantiation context (the oldest one first) is
          E:\Документы\(136,23):
          see reference to function template instantiation 'void std::vector<UnionFind::Edge,std::allocator<UnionFind::Edge>>::emplace_back<size_t&,size_t&,int&>(size_t &,size_t &,int &)' being compiled
          C:\Program Files\Microsoft Visual Studio\2022\Community\VC\Tools\MSVC\14.42.34433\include\vector(858,24):
          see reference to function template instantiation '_Ty &std::vector<_Ty,std::allocator<_Ty>>::_Emplace_one_at_back<size_t&,size_t&,int&>(size_t &,size_t &,int &)' being compiled
          with
          [
              _Ty=UnionFind::Edge
          ]
          C:\Program Files\Microsoft Visual Studio\2022\Community\VC\Tools\MSVC\14.42.34433\include\vector(776,20):
          see reference to function template instantiation '_Ty &std::vector<_Ty,std::allocator<_Ty>>::_Emplace_back_with_unused_capacity<size_t&,size_t&,int&>(size_t &,size_t &,int &)' being compiled
          with
          [
              _Ty=UnionFind::Edge
          ]
          C:\Program Files\Microsoft Visual Studio\2022\Community\VC\Tools\MSVC\14.42.34433\include\vector(794,27):
          see reference to function template instantiation 'void std::_Default_allocator_traits<_Alloc>::construct<_Ty,size_t&,size_t&,int&>(_Alloc &,_Objty *const ,size_t &,size_t &,int &)' being compiled
          with
          [
              _Alloc=std::allocator<UnionFind::Edge>,
              _Ty=UnionFind::Edge,
              _Objty=UnionFind::Edge
          ]
  
  main.cpp
  Generating Code...
  №4.vcxproj -> E:\Документы\#GitReps\Algorithms\LABS\№4\x64\Debug\№4.exe
  'pwsh.exe' is not recognized as an internal or external command,
  operable program or batch file.
